{"C:\\data\\aws\\aws-softtek-dbaes\\src\\api\\swapi.ts": {"path":"C:\\data\\aws\\aws-softtek-dbaes\\src\\api\\swapi.ts","statementMap":{"0":{"start":{"line":1,"column":0},"end":{"line":1,"column":26}},"1":{"start":{"line":3,"column":14},"end":{"line":5,"column":2}},"2":{"start":{"line":7,"column":0},"end":{"line":7,"column":21}}},"fnMap":{},"branchMap":{},"s":{"0":2,"1":2,"2":2},"f":{},"b":{}}
,"C:\\data\\aws\\aws-softtek-dbaes\\src\\lambdas\\dynamo\\usuarios\\crear-usuario\\crear-usuario.ts": {"path":"C:\\data\\aws\\aws-softtek-dbaes\\src\\lambdas\\dynamo\\usuarios\\crear-usuario\\crear-usuario.ts","statementMap":{"0":{"start":{"line":3,"column":0},"end":{"line":3,"column":36}},"1":{"start":{"line":6,"column":28},"end":{"line":42,"column":2}},"2":{"start":{"line":6,"column":98},"end":{"line":42,"column":2}},"3":{"start":{"line":7,"column":4},"end":{"line":41,"column":5}},"4":{"start":{"line":8,"column":20},"end":{"line":8,"column":38}},"5":{"start":{"line":9,"column":25},"end":{"line":9,"column":58}},"6":{"start":{"line":11,"column":80},"end":{"line":11,"column":106}},"7":{"start":{"line":13,"column":19},"end":{"line":13,"column":27}},"8":{"start":{"line":15,"column":33},"end":{"line":21,"column":null}},"9":{"start":{"line":23,"column":8},"end":{"line":26,"column":21}},"10":{"start":{"line":28,"column":8},"end":{"line":32,"column":10}},"11":{"start":{"line":34,"column":8},"end":{"line":34,"column":25}},"12":{"start":{"line":35,"column":8},"end":{"line":40,"column":10}},"13":{"start":{"line":6,"column":13},"end":{"line":6,"column":28}}},"fnMap":{"0":{"name":"(anonymous_7)","decl":{"start":{"line":6,"column":28},"end":{"line":6,"column":35}},"loc":{"start":{"line":6,"column":98},"end":{"line":42,"column":2}}},"1":{"name":"(anonymous_8)","decl":{"start":{"line":6,"column":98},"end":{"line":6,"column":null}},"loc":{"start":{"line":6,"column":98},"end":{"line":42,"column":1}}}},"branchMap":{"0":{"loc":{"start":{"line":11,"column":91},"end":{"line":11,"column":105}},"type":"binary-expr","locations":[{"start":{"line":11,"column":91},"end":{"line":11,"column":101}},{"start":{"line":11,"column":103},"end":{"line":11,"column":105}}]}},"s":{"0":1,"1":1,"2":1,"3":1,"4":1,"5":1,"6":1,"7":1,"8":1,"9":1,"10":1,"11":0,"12":0,"13":1},"f":{"0":1,"1":1},"b":{"0":[1,0]}}
,"C:\\data\\aws\\aws-softtek-dbaes\\src\\lambdas\\dynamo\\usuarios\\listar-usuarios\\listar-usuarios.ts": {"path":"C:\\data\\aws\\aws-softtek-dbaes\\src\\lambdas\\dynamo\\usuarios\\listar-usuarios\\listar-usuarios.ts","statementMap":{"0":{"start":{"line":4,"column":30},"end":{"line":26,"column":2}},"1":{"start":{"line":4,"column":100},"end":{"line":26,"column":2}},"2":{"start":{"line":5,"column":4},"end":{"line":25,"column":5}},"3":{"start":{"line":6,"column":20},"end":{"line":6,"column":38}},"4":{"start":{"line":7,"column":25},"end":{"line":7,"column":58}},"5":{"start":{"line":8,"column":26},"end":{"line":10,"column":20}},"6":{"start":{"line":12,"column":8},"end":{"line":16,"column":10}},"7":{"start":{"line":18,"column":8},"end":{"line":18,"column":25}},"8":{"start":{"line":19,"column":8},"end":{"line":24,"column":10}},"9":{"start":{"line":4,"column":13},"end":{"line":4,"column":30}}},"fnMap":{"0":{"name":"(anonymous_7)","decl":{"start":{"line":4,"column":30},"end":{"line":4,"column":37}},"loc":{"start":{"line":4,"column":100},"end":{"line":26,"column":2}}},"1":{"name":"(anonymous_8)","decl":{"start":{"line":4,"column":100},"end":{"line":4,"column":null}},"loc":{"start":{"line":4,"column":100},"end":{"line":26,"column":1}}}},"branchMap":{},"s":{"0":1,"1":1,"2":1,"3":1,"4":1,"5":1,"6":1,"7":0,"8":0,"9":1},"f":{"0":1,"1":1},"b":{}}
,"C:\\data\\aws\\aws-softtek-dbaes\\src\\lambdas\\swapi\\peliculas\\listar-peliculas\\listar-peliculas.ts": {"path":"C:\\data\\aws\\aws-softtek-dbaes\\src\\lambdas\\swapi\\peliculas\\listar-peliculas\\listar-peliculas.ts","statementMap":{"0":{"start":{"line":2,"column":0},"end":{"line":2,"column":42}},"1":{"start":{"line":8,"column":31},"end":{"line":34,"column":2}},"2":{"start":{"line":8,"column":101},"end":{"line":34,"column":2}},"3":{"start":{"line":9,"column":4},"end":{"line":33,"column":5}},"4":{"start":{"line":10,"column":26},"end":{"line":10,"column":51}},"5":{"start":{"line":11,"column":38},"end":{"line":18,"column":11}},"6":{"start":{"line":11,"column":85},"end":{"line":18,"column":10}},"7":{"start":{"line":20,"column":8},"end":{"line":24,"column":10}},"8":{"start":{"line":26,"column":8},"end":{"line":26,"column":25}},"9":{"start":{"line":27,"column":8},"end":{"line":32,"column":10}},"10":{"start":{"line":8,"column":13},"end":{"line":8,"column":31}}},"fnMap":{"0":{"name":"(anonymous_7)","decl":{"start":{"line":8,"column":31},"end":{"line":8,"column":38}},"loc":{"start":{"line":8,"column":101},"end":{"line":34,"column":2}}},"1":{"name":"(anonymous_8)","decl":{"start":{"line":8,"column":101},"end":{"line":8,"column":null}},"loc":{"start":{"line":8,"column":101},"end":{"line":34,"column":1}}},"2":{"name":"(anonymous_9)","decl":{"start":{"line":11,"column":65},"end":{"line":11,"column":66}},"loc":{"start":{"line":11,"column":85},"end":{"line":18,"column":10}}}},"branchMap":{},"s":{"0":1,"1":1,"2":1,"3":1,"4":1,"5":1,"6":7,"7":1,"8":0,"9":0,"10":1},"f":{"0":1,"1":1,"2":7},"b":{}}
,"C:\\data\\aws\\aws-softtek-dbaes\\src\\lambdas\\swapi\\peliculas\\obtener-pelicula\\obtener-pelicula.ts": {"path":"C:\\data\\aws\\aws-softtek-dbaes\\src\\lambdas\\swapi\\peliculas\\obtener-pelicula\\obtener-pelicula.ts","statementMap":{"0":{"start":{"line":2,"column":0},"end":{"line":2,"column":42}},"1":{"start":{"line":8,"column":31},"end":{"line":37,"column":2}},"2":{"start":{"line":8,"column":101},"end":{"line":37,"column":2}},"3":{"start":{"line":9,"column":4},"end":{"line":36,"column":5}},"4":{"start":{"line":10,"column":19},"end":{"line":10,"column":43}},"5":{"start":{"line":11,"column":26},"end":{"line":11,"column":57}},"6":{"start":{"line":13,"column":26},"end":{"line":13,"column":40}},"7":{"start":{"line":14,"column":35},"end":{"line":21,"column":null}},"8":{"start":{"line":23,"column":8},"end":{"line":27,"column":10}},"9":{"start":{"line":29,"column":8},"end":{"line":29,"column":25}},"10":{"start":{"line":30,"column":8},"end":{"line":35,"column":10}},"11":{"start":{"line":8,"column":13},"end":{"line":8,"column":31}}},"fnMap":{"0":{"name":"(anonymous_7)","decl":{"start":{"line":8,"column":31},"end":{"line":8,"column":38}},"loc":{"start":{"line":8,"column":101},"end":{"line":37,"column":2}}},"1":{"name":"(anonymous_8)","decl":{"start":{"line":8,"column":101},"end":{"line":8,"column":null}},"loc":{"start":{"line":8,"column":101},"end":{"line":37,"column":1}}}},"branchMap":{"0":{"loc":{"start":{"line":10,"column":19},"end":{"line":10,"column":43}},"type":"cond-expr","locations":[{"start":{"line":10,"column":39},"end":{"line":10,"column":41}},{"start":{"line":10,"column":39},"end":{"line":10,"column":43}}]},"1":{"loc":{"start":{"line":10,"column":19},"end":{"line":10,"column":41}},"type":"binary-expr","locations":[{"start":{"line":10,"column":19},"end":{"line":10,"column":41}},{"start":{"line":10,"column":39},"end":{"line":10,"column":41}}]}},"s":{"0":1,"1":1,"2":1,"3":1,"4":1,"5":1,"6":1,"7":1,"8":1,"9":0,"10":0,"11":1},"f":{"0":1,"1":1},"b":{"0":[0,1],"1":[1,1]}}
}
