TN:
SF:src\api\swapi.ts
FNF:0
FNH:0
DA:1,2
DA:3,2
DA:7,2
LF:3
LH:3
BRF:0
BRH:0
end_of_record
TN:
SF:src\lambdas\dynamo\usuarios\crear-usuario\crear-usuario.ts
FN:6,(anonymous_7)
FN:6,(anonymous_8)
FNF:2
FNH:2
FNDA:1,(anonymous_7)
FNDA:1,(anonymous_8)
DA:3,1
DA:6,1
DA:7,1
DA:8,1
DA:9,1
DA:11,1
DA:13,1
DA:15,1
DA:23,1
DA:28,1
DA:34,0
DA:35,0
LF:12
LH:10
BRDA:11,0,0,1
BRDA:11,0,1,0
BRF:2
BRH:1
end_of_record
TN:
SF:src\lambdas\dynamo\usuarios\listar-usuarios\listar-usuarios.ts
FN:4,(anonymous_7)
FN:4,(anonymous_8)
FNF:2
FNH:2
FNDA:1,(anonymous_7)
FNDA:1,(anonymous_8)
DA:4,1
DA:5,1
DA:6,1
DA:7,1
DA:8,1
DA:12,1
DA:18,0
DA:19,0
LF:8
LH:6
BRF:0
BRH:0
end_of_record
TN:
SF:src\lambdas\swapi\peliculas\listar-peliculas\listar-peliculas.ts
FN:8,(anonymous_7)
FN:8,(anonymous_8)
FN:11,(anonymous_9)
FNF:3
FNH:3
FNDA:1,(anonymous_7)
FNDA:1,(anonymous_8)
FNDA:7,(anonymous_9)
DA:2,1
DA:8,1
DA:9,1
DA:10,1
DA:11,7
DA:20,1
DA:26,0
DA:27,0
LF:8
LH:6
BRF:0
BRH:0
end_of_record
TN:
SF:src\lambdas\swapi\peliculas\obtener-pelicula\obtener-pelicula.ts
FN:8,(anonymous_7)
FN:8,(anonymous_8)
FNF:2
FNH:2
FNDA:1,(anonymous_7)
FNDA:1,(anonymous_8)
DA:2,1
DA:8,1
DA:9,1
DA:10,1
DA:11,1
DA:13,1
DA:14,1
DA:23,1
DA:29,0
DA:30,0
LF:10
LH:8
BRDA:10,0,0,0
BRDA:10,0,1,1
BRDA:10,1,0,1
BRDA:10,1,1,1
BRF:4
BRH:3
end_of_record
